#
# There is insufficient memory for the Java Runtime Environment to continue.
# Native memory allocation (malloc) failed to allocate 65552 bytes for Chunk::new
# Possible reasons:
#   The system is out of physical RAM or swap space
#   The process is running with CompressedOops enabled, and the Java Heap may be blocking the growth of the native heap
# Possible solutions:
#   Reduce memory load on the system
#   Increase physical memory or swap space
#   Check if swap backing store is full
#   Decrease Java heap size (-Xmx/-Xms)
#   Decrease number of Java threads
#   Decrease Java thread stack sizes (-Xss)
#   Set larger code cache with -XX:ReservedCodeCacheSize=
#   JVM is running with Unscaled Compressed Oops mode in which the Java heap is
#     placed in the first 4GB address space. The Java Heap base address is the
#     maximum limit for the native heap growth. Please use -XX:HeapBaseMinAddress
#     to set the Java Heap base and to place the Java Heap above 4GB virtual address.
# This output file may be truncated or incomplete.
#
#  Out of Memory Error (allocation.cpp:389), pid=16220, tid=0x0000000000003988
#
# JRE version: OpenJDK Runtime Environment (8.0_212-b04) (build 1.8.0_212-release-1586-b04)
# Java VM: OpenJDK 64-Bit Server VM (25.212-b04 mixed mode windows-amd64 compressed oops)
# Failed to write core dump. Minidumps are not enabled by default on client versions of Windows
#

---------------  T H R E A D  ---------------

Current thread (0x00000000167da800):  JavaThread "C2 CompilerThread1" daemon [_thread_in_native, id=14728, stack(0x0000000017f20000,0x0000000018020000)]

Stack: [0x0000000017f20000,0x0000000018020000]
[error occurred during error reporting (printing stack bounds), id 0xc0000005]

Native frames: (J=compiled Java code, j=interpreted, Vv=VM code, C=native code)


Current CompileTask:
C2:  16992 5240 %     4       org.gradle.internal.instantiation.AbstractClassGenerator::inspectType @ 107 (559 bytes)


---------------  P R O C E S S  ---------------

Java Threads: ( => current thread )
  0x000000001a750000 JavaThread "Cache worker for file content cache (C:\Users\CASPER\AndroidStudioProjects\MyProject\.gradle\5.6.4\fileContent)" [_thread_blocked, id=10824, stack(0x0000000023490000,0x0000000023590000)]
  0x000000001a744800 JavaThread "Cache worker for file content cache (C:\Users\CASPER\.gradle\caches\5.6.4\fileContent)" [_thread_blocked, id=8372, stack(0x0000000023390000,0x0000000023490000)]
  0x000000001a748800 JavaThread "Memory manager" [_thread_blocked, id=10580, stack(0x0000000022e30000,0x0000000022f30000)]
  0x000000001a74a000 JavaThread "Cache worker for Build Output Cleanup Cache (C:\Users\CASPER\AndroidStudioProjects\MyProject\.gradle\buildOutputCleanup)" [_thread_blocked, id=2384, stack(0x0000000021330000,0x0000000021430000)]
  0x000000001a74a800 JavaThread "Build operations Thread 4" [_thread_blocked, id=6536, stack(0x0000000021030000,0x0000000021130000)]
  0x000000001a747000 JavaThread "Build operations Thread 3" [_thread_blocked, id=8084, stack(0x0000000020f30000,0x0000000021030000)]
  0x000000001a742800 JavaThread "Build operations Thread 2" [_thread_blocked, id=5332, stack(0x0000000020e30000,0x0000000020f30000)]
  0x000000001a744000 JavaThread "Build operations" [_thread_blocked, id=15952, stack(0x0000000020b90000,0x0000000020c90000)]
  0x000000001a743000 JavaThread "Cache worker for execution history cache (C:\Users\CASPER\.gradle\caches\5.6.4\executionHistory)" [_thread_blocked, id=15100, stack(0x0000000020d30000,0x0000000020e30000)]
  0x000000001a746000 JavaThread "Cache worker for cache directory md-rule (C:\Users\CASPER\.gradle\caches\5.6.4\md-rule)" [_thread_blocked, id=11776, stack(0x0000000020890000,0x0000000020990000)]
  0x000000001a745800 JavaThread "Cache worker for cache directory md-supplier (C:\Users\CASPER\.gradle\caches\5.6.4\md-supplier)" [_thread_blocked, id=12504, stack(0x000000001ead0000,0x000000001ebd0000)]
  0x00000000197eb800 JavaThread "Cache worker for file hash cache (C:\Users\CASPER\AndroidStudioProjects\MyProject\.gradle\5.6.4\fileHashes)" [_thread_blocked, id=12296, stack(0x000000001d710000,0x000000001d810000)]
  0x00000000197ef800 JavaThread "Cache worker for journal cache (C:\Users\CASPER\.gradle\caches\journal-1)" [_thread_blocked, id=11780, stack(0x000000001c540000,0x000000001c640000)]
  0x00000000197ee800 JavaThread "File lock request listener" [_thread_in_native, id=15568, stack(0x000000001c440000,0x000000001c540000)]
  0x00000000197ee000 JavaThread "Cache worker for file hash cache (C:\Users\CASPER\.gradle\caches\5.6.4\fileHashes)" [_thread_blocked, id=1128, stack(0x000000001c140000,0x000000001c240000)]
  0x000000001a0f6000 JavaThread "Thread-9" [_thread_blocked, id=7160, stack(0x000000001c040000,0x000000001c140000)]
  0x000000001a0f2000 JavaThread "Stdin handler" [_thread_blocked, id=5728, stack(0x000000001bf40000,0x000000001c040000)]
  0x000000001a058000 JavaThread "Asynchronous log dispatcher for DefaultDaemonConnection: socket connection from /127.0.0.1:54148 to /127.0.0.1:54149" [_thread_blocked, id=14328, stack(0x000000001be40000,0x000000001bf40000)]
  0x000000001a056800 JavaThread "Daemon worker" [_thread_in_Java, id=16108, stack(0x000000001bd40000,0x000000001be40000)]
  0x000000001a053000 JavaThread "Cancel handler" [_thread_blocked, id=9408, stack(0x000000001bc40000,0x000000001bd40000)]
  0x000000001a03d800 JavaThread "Handler for socket connection from /127.0.0.1:54148 to /127.0.0.1:54149" [_thread_in_native, id=6856, stack(0x000000001b940000,0x000000001ba40000)]
  0x000000001a039800 JavaThread "Daemon" [_thread_blocked, id=4964, stack(0x000000001b840000,0x000000001b940000)]
  0x0000000019fca800 JavaThread "Daemon periodic checks" [_thread_blocked, id=7416, stack(0x000000001b740000,0x000000001b840000)]
  0x0000000019fb5000 JavaThread "Incoming local TCP Connector on port 54148" [_thread_in_native, id=15548, stack(0x000000001b500000,0x000000001b600000)]
  0x000000001823e800 JavaThread "Daemon health stats" [_thread_blocked, id=9100, stack(0x000000001aec0000,0x000000001afc0000)]
  0x000000001682c000 JavaThread "Service Thread" daemon [_thread_blocked, id=6828, stack(0x0000000018520000,0x0000000018620000)]
  0x000000001680d800 JavaThread "C1 CompilerThread2" daemon [_thread_in_native, id=11248, stack(0x0000000018020000,0x0000000018120000)]
=>0x00000000167da800 JavaThread "C2 CompilerThread1" daemon [_thread_in_native, id=14728, stack(0x0000000017f20000,0x0000000018020000)]
  0x00000000167d5800 JavaThread "C2 CompilerThread0" daemon [_thread_in_vm, id=5112, stack(0x0000000017e20000,0x0000000017f20000)]
  0x00000000167d4800 JavaThread "Attach Listener" daemon [_thread_blocked, id=1160, stack(0x0000000017d20000,0x0000000017e20000)]
  0x00000000167d3000 JavaThread "Signal Dispatcher" daemon [_thread_blocked, id=9336, stack(0x0000000017c20000,0x0000000017d20000)]
  0x0000000002e5b000 JavaThread "Finalizer" daemon [_thread_blocked, id=16580, stack(0x0000000017a30000,0x0000000017b30000)]
  0x00000000167b9000 JavaThread "Reference Handler" daemon [_thread_blocked, id=4232, stack(0x0000000017930000,0x0000000017a30000)]
  0x0000000002d5e800 JavaThread "main" [_thread_blocked, id=15680, stack(0x0000000002c10000,0x0000000002d10000)]

Other Threads:
  0x0000000016796800 VMThread [stack: 0x0000000017830000,0x0000000017930000] [id=15324]
  0x000000001682d000 WatcherThread [stack: 0x0000000018620000,0x0000000018720000] [id=4240]

VM state:not at safepoint (normal execution)

VM Mutex/Monitor currently owned by a thread: None

heap address: 0x00000000a0000000, size: 1536 MB, Compressed Oops mode: 32-bit
Narrow klass base: 0x0000000000000000, Narrow klass shift: 3
Compressed class space size: 1073741824 Address: 0x0000000100000000

Heap:
 PSYoungGen      total 131072K, used 45068K [0x00000000e0000000, 0x00000000e9080000, 0x0000000100000000)
  eden space 117248K, 26% used [0x00000000e0000000,0x00000000e1e83ad0,0x00000000e7280000)
  from space 13824K, 99% used [0x00000000e7580000,0x00000000e82ff840,0x00000000e8300000)
  to   space 12288K, 0% used [0x00000000e8480000,0x00000000e8480000,0x00000000e9080000)
 ParOldGen       total 101376K, used 22284K [0x00000000a0000000, 0x00000000a6300000, 0x00000000e0000000)
  object space 101376K, 21% used [0x00000000a0000000,0x00000000a15c3318,0x00000000a6300000)
 Metaspace       used 56097K, capacity 57920K, committed 58112K, reserved 1101824K
  class space    used 7715K, capacity 8157K, committed 8192K, reserved 1048576K

Card table byte_map: [0x0000000012220000,0x0000000012530000] byte_map_base: 0x0000000011d20000

Marking Bits: (ParMarkBitMap*) 0x000000005e9b9f30
 Begin Bits: [0x0000000012b30000, 0x0000000014330000)
 End Bits:   [0x0000000014330000, 0x0000000015b30000)

Polling page: 0x0000000000f20000

CodeCache: size=245760Kb used=16563Kb max_used=17482Kb free=229196Kb
 bounds [0x0000000002e60000, 0x0000000003f80000, 0x0000000011e60000]
 total_blobs=5819 nmethods=5031 adapters=697
 compilation: enabled

Compilation events (10 events):
Event: 16.964 Thread 0x000000001680d800 5577       3       org.gradle.api.internal.tasks.properties.DefaultTypeMetadataStore$DefaultPropertyMetadata::getGetterMethod (10 bytes)
Event: 16.964 Thread 0x000000001680d800 nmethod 5577 0x0000000003488f10 code [0x0000000003489080, 0x0000000003489230]
Event: 16.964 Thread 0x000000001680d800 5578       3       org.gradle.api.internal.tasks.properties.DefaultTypeMetadataStore$DefaultPropertyMetadata::getPropertyName (10 bytes)
Event: 16.965 Thread 0x00000000167d5800 5579       4       org.gradle.internal.util.Trie::find (135 bytes)
Event: 16.965 Thread 0x000000001680d800 nmethod 5578 0x00000000037d5490 code [0x00000000037d5600, 0x00000000037d57b0]
Event: 16.966 Thread 0x000000001680d800 5580       3       org.gradle.api.internal.tasks.properties.DefaultTypeMetadataStore$DefaultPropertyMetadata::isAnnotationPresent (11 bytes)
Event: 16.966 Thread 0x000000001680d800 nmethod 5580 0x00000000036d7610 code [0x00000000036d7780, 0x00000000036d7a48]
Event: 16.966 Thread 0x000000001680d800 5581       3       org.gradle.internal.reflect.MethodSet::<init> (12 bytes)
Event: 16.967 Thread 0x000000001680d800 nmethod 5581 0x0000000003202f50 code [0x00000000032030e0, 0x00000000032034f0]
Event: 16.969 Thread 0x00000000167d5800 nmethod 5579 0x0000000003261310 code [0x0000000003261460, 0x0000000003261698]

GC Heap History (10 events):
Event: 9.359 GC heap before
{Heap before GC invocations=9 (full 1):
 PSYoungGen      total 77312K, used 74152K [0x00000000e0000000, 0x00000000e7200000, 0x0000000100000000)
  eden space 66048K, 100% used [0x00000000e0000000,0x00000000e4080000,0x00000000e4080000)
  from space 11264K, 71% used [0x00000000e4080000,0x00000000e486a240,0x00000000e4b80000)
  to   space 11264K, 0% used [0x00000000e6700000,0x00000000e6700000,0x00000000e7200000)
 ParOldGen       total 65536K, used 9456K [0x00000000a0000000, 0x00000000a4000000, 0x00000000e0000000)
  object space 65536K, 14% used [0x00000000a0000000,0x00000000a093c198,0x00000000a4000000)
 Metaspace       used 32046K, capacity 32540K, committed 32768K, reserved 1077248K
  class space    used 4392K, capacity 4591K, committed 4608K, reserved 1048576K
Event: 9.387 GC heap after
Heap after GC invocations=9 (full 1):
 PSYoungGen      total 104960K, used 8246K [0x00000000e0000000, 0x00000000e7580000, 0x0000000100000000)
  eden space 93696K, 0% used [0x00000000e0000000,0x00000000e0000000,0x00000000e5b80000)
  from space 11264K, 73% used [0x00000000e6700000,0x00000000e6f0d880,0x00000000e7200000)
  to   space 11776K, 0% used [0x00000000e5b80000,0x00000000e5b80000,0x00000000e6700000)
 ParOldGen       total 65536K, used 9456K [0x00000000a0000000, 0x00000000a4000000, 0x00000000e0000000)
  object space 65536K, 14% used [0x00000000a0000000,0x00000000a093c198,0x00000000a4000000)
 Metaspace       used 32046K, capacity 32540K, committed 32768K, reserved 1077248K
  class space    used 4392K, capacity 4591K, committed 4608K, reserved 1048576K
}
Event: 10.692 GC heap before
{Heap before GC invocations=10 (full 1):
 PSYoungGen      total 104960K, used 71137K [0x00000000e0000000, 0x00000000e7580000, 0x0000000100000000)
  eden space 93696K, 67% used [0x00000000e0000000,0x00000000e3d6ad28,0x00000000e5b80000)
  from space 11264K, 73% used [0x00000000e6700000,0x00000000e6f0d880,0x00000000e7200000)
  to   space 11776K, 0% used [0x00000000e5b80000,0x00000000e5b80000,0x00000000e6700000)
 ParOldGen       total 65536K, used 9456K [0x00000000a0000000, 0x00000000a4000000, 0x00000000e0000000)
  object space 65536K, 14% used [0x00000000a0000000,0x00000000a093c198,0x00000000a4000000)
 Metaspace       used 34578K, capacity 35376K, committed 35456K, reserved 1079296K
  class space    used 4746K, capacity 4963K, committed 4992K, reserved 1048576K
Event: 10.734 GC heap after
Heap after GC invocations=10 (full 1):
 PSYoungGen      total 105472K, used 9878K [0x00000000e0000000, 0x00000000e9080000, 0x0000000100000000)
  eden space 93696K, 0% used [0x00000000e0000000,0x00000000e0000000,0x00000000e5b80000)
  from space 11776K, 83% used [0x00000000e5b80000,0x00000000e6525980,0x00000000e6700000)
  to   space 12288K, 0% used [0x00000000e8480000,0x00000000e8480000,0x00000000e9080000)
 ParOldGen       total 65536K, used 9464K [0x00000000a0000000, 0x00000000a4000000, 0x00000000e0000000)
  object space 65536K, 14% used [0x00000000a0000000,0x00000000a093e198,0x00000000a4000000)
 Metaspace       used 34578K, capacity 35376K, committed 35456K, reserved 1079296K
  class space    used 4746K, capacity 4963K, committed 4992K, reserved 1048576K
}
Event: 10.734 GC heap before
{Heap before GC invocations=11 (full 2):
 PSYoungGen      total 105472K, used 9878K [0x00000000e0000000, 0x00000000e9080000, 0x0000000100000000)
  eden space 93696K, 0% used [0x00000000e0000000,0x00000000e0000000,0x00000000e5b80000)
  from space 11776K, 83% used [0x00000000e5b80000,0x00000000e6525980,0x00000000e6700000)
  to   space 12288K, 0% used [0x00000000e8480000,0x00000000e8480000,0x00000000e9080000)
 ParOldGen       total 65536K, used 9464K [0x00000000a0000000, 0x00000000a4000000, 0x00000000e0000000)
  object space 65536K, 14% used [0x00000000a0000000,0x00000000a093e198,0x00000000a4000000)
 Metaspace       used 34578K, capacity 35376K, committed 35456K, reserved 1079296K
  class space    used 4746K, capacity 4963K, committed 4992K, reserved 1048576K
Event: 10.868 GC heap after
Heap after GC invocations=11 (full 2):
 PSYoungGen      total 105472K, used 0K [0x00000000e0000000, 0x00000000e9080000, 0x0000000100000000)
  eden space 93696K, 0% used [0x00000000e0000000,0x00000000e0000000,0x00000000e5b80000)
  from space 11776K, 0% used [0x00000000e5b80000,0x00000000e5b80000,0x00000000e6700000)
  to   space 12288K, 0% used [0x00000000e8480000,0x00000000e8480000,0x00000000e9080000)
 ParOldGen       total 101376K, used 16788K [0x00000000a0000000, 0x00000000a6300000, 0x00000000e0000000)
  object space 101376K, 16% used [0x00000000a0000000,0x00000000a1065318,0x00000000a6300000)
 Metaspace       used 34570K, capacity 35346K, committed 35456K, reserved 1079296K
  class space    used 4743K, capacity 4958K, committed 4992K, reserved 1048576K
}
Event: 13.753 GC heap before
{Heap before GC invocations=12 (full 2):
 PSYoungGen      total 105472K, used 93696K [0x00000000e0000000, 0x00000000e9080000, 0x0000000100000000)
  eden space 93696K, 100% used [0x00000000e0000000,0x00000000e5b80000,0x00000000e5b80000)
  from space 11776K, 0% used [0x00000000e5b80000,0x00000000e5b80000,0x00000000e6700000)
  to   space 12288K, 0% used [0x00000000e8480000,0x00000000e8480000,0x00000000e9080000)
 ParOldGen       total 101376K, used 16788K [0x00000000a0000000, 0x00000000a6300000, 0x00000000e0000000)
  object space 101376K, 16% used [0x00000000a0000000,0x00000000a1065318,0x00000000a6300000)
 Metaspace       used 44263K, capacity 45268K, committed 45440K, reserved 1089536K
  class space    used 5971K, capacity 6252K, committed 6272K, reserved 1048576K
Event: 13.772 GC heap after
Heap after GC invocations=12 (full 2):
 PSYoungGen      total 129536K, used 12282K [0x00000000e0000000, 0x00000000e9080000, 0x0000000100000000)
  eden space 117248K, 0% used [0x00000000e0000000,0x00000000e0000000,0x00000000e7280000)
  from space 12288K, 99% used [0x00000000e8480000,0x00000000e907ea88,0x00000000e9080000)
  to   space 13824K, 0% used [0x00000000e7580000,0x00000000e7580000,0x00000000e8300000)
 ParOldGen       total 101376K, used 17022K [0x00000000a0000000, 0x00000000a6300000, 0x00000000e0000000)
  object space 101376K, 16% used [0x00000000a0000000,0x00000000a109f990,0x00000000a6300000)
 Metaspace       used 44263K, capacity 45268K, committed 45440K, reserved 1089536K
  class space    used 5971K, capacity 6252K, committed 6272K, reserved 1048576K
}
Event: 16.115 GC heap before
{Heap before GC invocations=13 (full 2):
 PSYoungGen      total 129536K, used 129530K [0x00000000e0000000, 0x00000000e9080000, 0x0000000100000000)
  eden space 117248K, 100% used [0x00000000e0000000,0x00000000e7280000,0x00000000e7280000)
  from space 12288K, 99% used [0x00000000e8480000,0x00000000e907ea88,0x00000000e9080000)
  to   space 13824K, 0% used [0x00000000e7580000,0x00000000e7580000,0x00000000e8300000)
 ParOldGen       total 101376K, used 17022K [0x00000000a0000000, 0x00000000a6300000, 0x00000000e0000000)
  object space 101376K, 16% used [0x00000000a0000000,0x00000000a109f990,0x00000000a6300000)
 Metaspace       used 54246K, capacity 55848K, committed 56064K, reserved 1097728K
  class space    used 7475K, capacity 7877K, committed 7936K, reserved 1048576K
Event: 16.142 GC heap after
Heap after GC invocations=13 (full 2):
 PSYoungGen      total 131072K, used 13822K [0x00000000e0000000, 0x00000000e9080000, 0x0000000100000000)
  eden space 117248K, 0% used [0x00000000e0000000,0x00000000e0000000,0x00000000e7280000)
  from space 13824K, 99% used [0x00000000e7580000,0x00000000e82ff840,0x00000000e8300000)
  to   space 12288K, 0% used [0x00000000e8480000,0x00000000e8480000,0x00000000e9080000)
 ParOldGen       total 101376K, used 22284K [0x00000000a0000000, 0x00000000a6300000, 0x00000000e0000000)
  object space 101376K, 21% used [0x00000000a0000000,0x00000000a15c3318,0x00000000a6300000)
 Metaspace       used 54246K, capacity 55848K, committed 56064K, reserved 1097728K
  class space    used 7475K, capacity 7877K, committed 7936K, reserved 1048576K
}

Deoptimization events (10 events):
Event: 15.728 Thread 0x000000001a056800 Uncommon trap: reason=bimorphic action=maybe_recompile pc=0x0000000003d54b44 method=java.util.regex.Pattern$5.isSatisfiedBy(I)Z @ 16
Event: 15.728 Thread 0x000000001a056800 Uncommon trap: reason=bimorphic action=maybe_recompile pc=0x0000000003d54b44 method=java.util.regex.Pattern$5.isSatisfiedBy(I)Z @ 16
Event: 15.728 Thread 0x000000001a056800 Uncommon trap: reason=bimorphic action=maybe_recompile pc=0x0000000003d54b44 method=java.util.regex.Pattern$5.isSatisfiedBy(I)Z @ 16
Event: 15.728 Thread 0x000000001a056800 Uncommon trap: reason=bimorphic action=maybe_recompile pc=0x0000000003d54b44 method=java.util.regex.Pattern$5.isSatisfiedBy(I)Z @ 16
Event: 16.209 Thread 0x000000001a056800 Uncommon trap: reason=unstable_if action=reinterpret pc=0x0000000003463ca8 method=java.util.regex.Pattern$BmpCharProperty.match(Ljava/util/regex/Matcher;ILjava/lang/CharSequence;)Z @ 34
Event: 16.228 Thread 0x000000001a056800 Uncommon trap: reason=unstable_if action=reinterpret pc=0x0000000003b7e8f0 method=com.sun.org.apache.xerces.internal.impl.XMLEntityScanner.scanLiteral(ILcom/sun/org/apache/xerces/internal/xni/XMLString;Z)I @ 660
Event: 16.243 Thread 0x000000001a056800 Uncommon trap: reason=unstable_if action=reinterpret pc=0x0000000003b7a980 method=com.sun.org.apache.xerces.internal.util.SymbolTable.addSymbol([CII)Ljava/lang/String; @ 38
Event: 16.292 Thread 0x000000001a056800 Uncommon trap: reason=unstable_if action=reinterpret pc=0x000000000350fb18 method=com.google.gson.stream.JsonReader.doPeek()I @ 315
Event: 16.397 Thread 0x000000001a056800 Uncommon trap: reason=unstable_if action=reinterpret pc=0x00000000036c08f4 method=java.lang.String.lastIndexOf([CII[CIII)I @ 118
Event: 16.432 Thread 0x000000001a056800 Uncommon trap: reason=predicate action=maybe_recompile pc=0x0000000003e95ab8 method=java.util.AbstractCollection.toArray([Ljava/lang/Object;)[Ljava/lang/Object; @ 49

Classes redefined (0 events):
No events

Internal exceptions (10 events):
Event: 14.947 Thread 0x000000001a056800 Exception <a 'java/lang/ClassNotFoundException': org/gradle/api/plugins/internal/DefaultBasePluginConventionCustomizer> (0x00000000e34a2958) thrown at [D:\src\AOSP-openjdk-cygwin\jdk8u\hotspot\src\share\vm\classfile\systemDictionary.cpp, line 210]
Event: 14.959 Thread 0x000000001a056800 Exception <a 'java/lang/NoSuchMethodError': java.lang.Object.lambda$comparingInt$7b0bb60$1(Ljava/util/function/ToIntFunction;Ljava/lang/Object;Ljava/lang/Object;)I> (0x00000000e3529648) thrown at [D:\src\AOSP-openjdk-cygwin\jdk8u\hotspot\src\share\vm\inte
Event: 15.351 Thread 0x000000001a056800 Exception <a 'java/lang/ClassNotFoundException': com/android/build/gradle/internal/api/ApkVariantOutputImpl_DecoratedBeanInfo> (0x00000000e45afcb8) thrown at [D:\src\AOSP-openjdk-cygwin\jdk8u\hotspot\src\share\vm\classfile\systemDictionary.cpp, line 210]
Event: 15.352 Thread 0x000000001a056800 Exception <a 'java/lang/ClassNotFoundException': com/android/build/gradle/internal/api/ApkVariantOutputImplBeanInfo> (0x00000000e45cbb28) thrown at [D:\src\AOSP-openjdk-cygwin\jdk8u\hotspot\src\share\vm\classfile\systemDictionary.cpp, line 210]
Event: 15.352 Thread 0x000000001a056800 Exception <a 'java/lang/ClassNotFoundException': com/android/build/gradle/internal/api/BaseVariantOutputImplBeanInfo> (0x00000000e45e8cb0) thrown at [D:\src\AOSP-openjdk-cygwin\jdk8u\hotspot\src\share\vm\classfile\systemDictionary.cpp, line 210]
Event: 15.352 Thread 0x000000001a056800 Exception <a 'java/lang/ClassNotFoundException': com/android/build/gradle/internal/api/BaseVariantOutputImplCustomizer> (0x00000000e4606350) thrown at [D:\src\AOSP-openjdk-cygwin\jdk8u\hotspot\src\share\vm\classfile\systemDictionary.cpp, line 210]
Event: 15.353 Thread 0x000000001a056800 Exception <a 'java/lang/ClassNotFoundException': com/android/build/gradle/internal/api/ApkVariantOutputImplCustomizer> (0x00000000e463d680) thrown at [D:\src\AOSP-openjdk-cygwin\jdk8u\hotspot\src\share\vm\classfile\systemDictionary.cpp, line 210]
Event: 15.354 Thread 0x000000001a056800 Exception <a 'java/lang/ClassNotFoundException': com/android/build/gradle/internal/api/ApkVariantOutputImpl_DecoratedCustomizer> (0x00000000e466fe10) thrown at [D:\src\AOSP-openjdk-cygwin\jdk8u\hotspot\src\share\vm\classfile\systemDictionary.cpp, line 210
Event: 15.765 Thread 0x000000001a056800 Exception <a 'java/lang/ClassNotFoundException': com/sun/org/glassfish/hk2/osgiresourcelocator/ServiceLoader> (0x00000000e5f4ca78) thrown at [D:\src\AOSP-openjdk-cygwin\jdk8u\hotspot\src\share\vm\classfile\systemDictionary.cpp, line 210]
Event: 15.819 Thread 0x000000001a056800 Exception <a 'java/lang/NullPointerException'> (0x00000000e6415860) thrown at [D:\src\AOSP-openjdk-cygwin\jdk8u\hotspot\src\share\vm\interpreter\linkResolver.cpp, line 1287]

Events (10 events):
Event: 16.967 loading class com/android/ide/common/resources/ResourceMerger
Event: 16.967 loading class com/android/ide/common/resources/ResourceMerger done
Event: 16.968 loading class com/android/ide/common/resources/DataMerger
Event: 16.968 loading class com/android/ide/common/resources/DataMerger done
Event: 16.969 Executing VM operation: CollectForMetadataAllocation
Event: 16.969 Executing VM operation: CollectForMetadataAllocation done
Event: 16.970 loading class com/android/ide/common/resources/MergedResourceWriter
Event: 16.970 loading class com/android/ide/common/resources/MergedResourceWriter done
Event: 16.971 loading class com/android/ide/common/resources/MergeWriter
Event: 16.971 loading class com/android/ide/common/resources/MergeWriter done


Dynamic libraries:
0x00007ff7104f0000 - 0x00007ff710521000 	D:\Program Files\Android\Android Studio\jre\bin\java.exe
0x00007ff9e32c0000 - 0x00007ff9e34b0000 	C:\WINDOWS\SYSTEM32\ntdll.dll
0x00007ff9e2fa0000 - 0x00007ff9e3052000 	C:\WINDOWS\System32\KERNEL32.DLL
0x00007ff9e0600000 - 0x00007ff9e08a3000 	C:\WINDOWS\System32\KERNELBASE.dll
0x00007ff9e1840000 - 0x00007ff9e18e3000 	C:\WINDOWS\System32\ADVAPI32.dll
0x00007ff9e31e0000 - 0x00007ff9e327e000 	C:\WINDOWS\System32\msvcrt.dll
0x00007ff9e22b0000 - 0x00007ff9e2347000 	C:\WINDOWS\System32\sechost.dll
0x00007ff9e2e00000 - 0x00007ff9e2f20000 	C:\WINDOWS\System32\RPCRT4.dll
0x00007ff9e2110000 - 0x00007ff9e22a4000 	C:\WINDOWS\System32\USER32.dll
0x00007ff9e0550000 - 0x00007ff9e0571000 	C:\WINDOWS\System32\win32u.dll
0x00007ff9e3070000 - 0x00007ff9e3096000 	C:\WINDOWS\System32\GDI32.dll
0x00007ff9e0250000 - 0x00007ff9e03e4000 	C:\WINDOWS\System32\gdi32full.dll
0x00007ff9e0b00000 - 0x00007ff9e0b9e000 	C:\WINDOWS\System32\msvcp_win.dll
0x00007ff9e0450000 - 0x00007ff9e054a000 	C:\WINDOWS\System32\ucrtbase.dll
0x00007ff9cbe70000 - 0x00007ff9cc0f5000 	C:\WINDOWS\WinSxS\amd64_microsoft.windows.common-controls_6595b64144ccf1df_6.0.18362.657_none_e6c5b579130e3898\COMCTL32.dll
0x00007ff9e19a0000 - 0x00007ff9e1cd6000 	C:\WINDOWS\System32\combase.dll
0x00007ff9e0580000 - 0x00007ff9e0600000 	C:\WINDOWS\System32\bcryptPrimitives.dll
0x00007ff9e23c0000 - 0x00007ff9e23ee000 	C:\WINDOWS\System32\IMM32.DLL
0x000000005ba50000 - 0x000000005bb22000 	D:\Program Files\Android\Android Studio\jre\jre\bin\msvcr100.dll
0x000000005e1f0000 - 0x000000005ea36000 	D:\Program Files\Android\Android Studio\jre\jre\bin\server\jvm.dll
0x00007ff9e3060000 - 0x00007ff9e3068000 	C:\WINDOWS\System32\PSAPI.DLL
0x00007ff9de2b0000 - 0x00007ff9de2b9000 	C:\WINDOWS\SYSTEM32\WSOCK32.dll
0x00007ff9e2550000 - 0x00007ff9e25bf000 	C:\WINDOWS\System32\WS2_32.dll
0x00007ff9ddee0000 - 0x00007ff9ddf04000 	C:\WINDOWS\SYSTEM32\WINMM.dll
0x00007ff9db4c0000 - 0x00007ff9db4ca000 	C:\WINDOWS\SYSTEM32\VERSION.dll
0x00007ff9ddeb0000 - 0x00007ff9ddedd000 	C:\WINDOWS\SYSTEM32\WINMMBASE.dll
0x00007ff9e1320000 - 0x00007ff9e136a000 	C:\WINDOWS\System32\cfgmgr32.dll
0x00007ff9dbfd0000 - 0x00007ff9dbfdf000 	D:\Program Files\Android\Android Studio\jre\jre\bin\verify.dll
0x00007ff9db610000 - 0x00007ff9db639000 	D:\Program Files\Android\Android Studio\jre\jre\bin\java.dll
0x00007ff9dabd0000 - 0x00007ff9dabe6000 	D:\Program Files\Android\Android Studio\jre\jre\bin\zip.dll
0x00007ff9e26a0000 - 0x00007ff9e2d85000 	C:\WINDOWS\System32\SHELL32.dll
0x00007ff9e2060000 - 0x00007ff9e2109000 	C:\WINDOWS\System32\shcore.dll
0x00007ff9e0ba0000 - 0x00007ff9e131f000 	C:\WINDOWS\System32\windows.storage.dll
0x00007ff9e0230000 - 0x00007ff9e024f000 	C:\WINDOWS\System32\profapi.dll
0x00007ff9e01e0000 - 0x00007ff9e022a000 	C:\WINDOWS\System32\powrprof.dll
0x00007ff9e0190000 - 0x00007ff9e01a0000 	C:\WINDOWS\System32\UMPDC.dll
0x00007ff9e1370000 - 0x00007ff9e13c2000 	C:\WINDOWS\System32\shlwapi.dll
0x00007ff9e01a0000 - 0x00007ff9e01b1000 	C:\WINDOWS\System32\kernel.appcore.dll
0x00007ff9e08e0000 - 0x00007ff9e08f7000 	C:\WINDOWS\System32\cryptsp.dll
0x00007ff9da120000 - 0x00007ff9da13a000 	D:\Program Files\Android\Android Studio\jre\jre\bin\net.dll
0x00007ff9d1590000 - 0x00007ff9d1766000 	C:\WINDOWS\SYSTEM32\urlmon.dll
0x00007ff9d1e10000 - 0x00007ff9d20b6000 	C:\WINDOWS\SYSTEM32\iertutil.dll
0x00007ff9dfbd0000 - 0x00007ff9dfbdc000 	C:\WINDOWS\SYSTEM32\CRYPTBASE.DLL
0x00007ff9dfa00000 - 0x00007ff9dfa67000 	C:\WINDOWS\system32\mswsock.dll
0x00007ff9da100000 - 0x00007ff9da113000 	D:\Program Files\Android\Android Studio\jre\jre\bin\nio.dll
0x00007ff9d3820000 - 0x00007ff9d3846000 	C:\Users\CASPER\.gradle\native\30\windows-amd64\native-platform.dll
0x00007ff9dbf50000 - 0x00007ff9dbf5d000 	D:\Program Files\Android\Android Studio\jre\jre\bin\management.dll
0x00007ff9df570000 - 0x00007ff9df5a3000 	C:\WINDOWS\system32\rsaenh.dll
0x00007ff9e08b0000 - 0x00007ff9e08d6000 	C:\WINDOWS\System32\bcrypt.dll
0x00007ff9e00b0000 - 0x00007ff9e00d5000 	C:\WINDOWS\SYSTEM32\USERENV.dll
0x00007ff9df710000 - 0x00007ff9df74a000 	C:\WINDOWS\SYSTEM32\IPHLPAPI.DLL
0x00007ff9e1dd0000 - 0x00007ff9e1dd8000 	C:\WINDOWS\System32\NSI.dll
0x00007ff9d9af0000 - 0x00007ff9d9b06000 	C:\WINDOWS\SYSTEM32\dhcpcsvc6.DLL
0x00007ff9da8d0000 - 0x00007ff9da8ec000 	C:\WINDOWS\SYSTEM32\dhcpcsvc.DLL
0x00007ff9df750000 - 0x00007ff9df81a000 	C:\WINDOWS\SYSTEM32\DNSAPI.dll

VM Arguments:
jvm_args: -Xmx1536m -Dfile.encoding=windows-1254 -Duser.country=TR -Duser.language=tr -Duser.variant 
java_command: org.gradle.launcher.daemon.bootstrap.GradleDaemon 5.6.4
java_class_path (initial): C:\Users\CASPER\.gradle\wrapper\dists\gradle-5.6.4-all\ankdp27end7byghfw1q2sw75f\gradle-5.6.4\lib\gradle-launcher-5.6.4.jar
Launcher Type: SUN_STANDARD

Environment Variables:
JAVA_HOME=C:\Program Files\Java\jdk1.8.0_201
CLASSPATH=.;
PATH=C:\Program Files (x86)\Common Files\Oracle\Java\javapath;C:\Windows\system32;C:\Windows;C:\Windows\System32\Wbem;C:\Windows\System32\WindowsPowerShell\v1.0\;C:\WINDOWS\system32;C:\WINDOWS;C:\WINDOWS\System32\Wbem;C:\WINDOWS\System32\WindowsPowerShell\v1.0\;C:\WINDOWS\System32\OpenSSH\;C:\Program Files (x86)\NVIDIA Corporation\PhysX\Common;C:\ProgramData\chocolatey\bin;C:\Program Files\nodejs\;D:\Program Files\MATLAB\R2019a\bin;C:\WINDOWS\system32;C:\WINDOWS;C:\WINDOWS\System32\Wbem;C:\WINDOWS\System32\WindowsPowerShell\v1.0\;C:\WINDOWS\System32\OpenSSH\;C:\Program Files\Java\jdk-13\bin;C:\Program Files\Microsoft SQL Server\130\Tools\Binn\;C:\Program Files\Microsoft SQL Server\Client SDK\ODBC\170\Tools\Binn\;C:\Program Files\dotnet\;C:\Users\CASPER\AppData\Local\Microsoft\WindowsApps;C:\Users\CASPER\AppData\Roaming\npm;C:\Users\CASPER\AppData\Local\atom\bin;C:\Users\CASPER\AppData\Local\GitHubDesktop\bin;C:\Users\CASPER\AppData\Local\Microsoft\WindowsApps;D:\Program Files\Java\jdk-13.0.1\bin;
USERNAME=CASPER
OS=Windows_NT
PROCESSOR_IDENTIFIER=Intel64 Family 6 Model 142 Stepping 9, GenuineIntel



---------------  S Y S T E M  ---------------

OS: Windows 10.0 , 64 bit Build 18362 (10.0.18362.329)

CPU:total 4 (initial active 4) (2 cores per cpu, 2 threads per core) family 6 model 142 stepping 9, cmov, cx8, fxsr, mmx, sse, sse2, sse3, ssse3, sse4.1, sse4.2, popcnt, avx, avx2, aes, clmul, erms, 3dnowpref, lzcnt, ht, tsc, tscinvbit, bmi1, bmi2, adx

Memory: 4k page, physical 8278088k(681008k free), swap 23681956k(5792k free)

vm_info: OpenJDK 64-Bit Server VM (25.212-b04) for windows-amd64 JRE (1.8.0_212-release-1586-b04), built by "builder" with MS VC++ 10.0 (VS2010)

time: Fri Mar 06 22:18:03 2020
timezone: Türkiye Standart Saati
elapsed time: 17 seconds (0d 0h 0m 17s)

